[debug] [2024-01-23T06:25:06.650Z] ----------------------------------------------------------------------
[debug] [2024-01-23T06:25:06.651Z] Command:       /usr/local/bin/node /usr/local/bin/firebase init
[debug] [2024-01-23T06:25:06.652Z] CLI Version:   13.0.3
[debug] [2024-01-23T06:25:06.652Z] Platform:      darwin
[debug] [2024-01-23T06:25:06.652Z] Node Version:  v20.11.0
[debug] [2024-01-23T06:25:06.652Z] Time:          Tue Jan 23 2024 15:25:06 GMT+0900 (GMT+09:00)
[debug] [2024-01-23T06:25:06.652Z] ----------------------------------------------------------------------
[debug] 
[debug] [2024-01-23T06:25:06.679Z] > command requires scopes: ["email","openid","https://www.googleapis.com/auth/cloudplatformprojects.readonly","https://www.googleapis.com/auth/firebase","https://www.googleapis.com/auth/cloud-platform"]
[debug] [2024-01-23T06:25:06.679Z] > authorizing via signed-in user (fkrdbs123@gmail.com)
[info] 
     ######## #### ########  ######## ########     ###     ######  ########
     ##        ##  ##     ## ##       ##     ##  ##   ##  ##       ##
     ######    ##  ########  ######   ########  #########  ######  ######
     ##        ##  ##    ##  ##       ##     ## ##     ##       ## ##
     ##       #### ##     ## ######## ########  ##     ##  ######  ########

You're about to initialize a Firebase project in this directory:

  /Users/rock/Desktop/EmotionDiary/emotiondiary

Before we get started, keep in mind:

  * You are initializing within an existing Firebase project directory

[info] 
=== Project Setup
[info] 
[info] First, let's associate this project directory with a Firebase project.
[info] You can create multiple project aliases by running firebase use --add, 
[info] but for now we'll just set up a default project.
[info] 
[debug] [2024-01-23T06:25:48.863Z] Using project from CLI flag: rak-react-project
[debug] [2024-01-23T06:25:48.866Z] >>> [apiv2][query] GET https://firebase.googleapis.com/v1beta1/projects/rak-react-project [none]
[debug] [2024-01-23T06:25:49.316Z] <<< [apiv2][status] GET https://firebase.googleapis.com/v1beta1/projects/rak-react-project 200
[debug] [2024-01-23T06:25:49.316Z] <<< [apiv2][body] GET https://firebase.googleapis.com/v1beta1/projects/rak-react-project {"projectId":"rak-react-project","projectNumber":"44410546987","displayName":"rak-react-project","name":"projects/rak-react-project","resources":{"hostingSite":"rak-react-project"},"state":"ACTIVE","etag":"1_2c8ae579-d5b6-4fe8-b49b-f2eb2b0a37ab"}
[info] i  Using project rak-react-project (rak-react-project) 
[info] 
=== Hosting Setup
[debug] [2024-01-23T06:25:49.332Z] >>> [apiv2][query] GET https://firebase.googleapis.com/v1beta1/projects/rak-react-project [none]
[debug] [2024-01-23T06:25:49.718Z] <<< [apiv2][status] GET https://firebase.googleapis.com/v1beta1/projects/rak-react-project 200
[debug] [2024-01-23T06:25:49.719Z] <<< [apiv2][body] GET https://firebase.googleapis.com/v1beta1/projects/rak-react-project {"projectId":"rak-react-project","projectNumber":"44410546987","displayName":"rak-react-project","name":"projects/rak-react-project","resources":{"hostingSite":"rak-react-project"},"state":"ACTIVE","etag":"1_2c8ae579-d5b6-4fe8-b49b-f2eb2b0a37ab"}
[info] 
[info] Your public directory is the folder (relative to your project directory) that
[info] will contain Hosting assets to be uploaded with firebase deploy. If you
[info] have a build process for your assets, use your build's output directory.
[info] 
